{"C:\\Users\\vikna\\Desktop\\lordran-archives\\server\\database.js": {"path":"C:\\Users\\vikna\\Desktop\\lordran-archives\\server\\database.js","statementMap":{"0":{"start":{"line":1,"column":16},"end":{"line":1,"column":44}},"1":{"start":{"line":2,"column":13},"end":{"line":2,"column":28}},"2":{"start":{"line":4,"column":15},"end":{"line":4,"column":57}},"3":{"start":{"line":6,"column":11},"end":{"line":12,"column":2}},"4":{"start":{"line":7,"column":2},"end":{"line":11,"column":3}},"5":{"start":{"line":8,"column":4},"end":{"line":8,"column":61}},"6":{"start":{"line":10,"column":4},"end":{"line":10,"column":49}},"7":{"start":{"line":14,"column":0},"end":{"line":14,"column":20}}},"fnMap":{"0":{"name":"(anonymous_0)","decl":{"start":{"line":6,"column":40},"end":{"line":6,"column":41}},"loc":{"start":{"line":6,"column":49},"end":{"line":12,"column":1}},"line":6}},"branchMap":{"0":{"loc":{"start":{"line":7,"column":2},"end":{"line":11,"column":3}},"type":"if","locations":[{"start":{"line":7,"column":2},"end":{"line":11,"column":3}},{"start":{"line":9,"column":9},"end":{"line":11,"column":3}}],"line":7}},"s":{"0":2,"1":2,"2":2,"3":2,"4":2,"5":0,"6":2,"7":2},"f":{"0":2},"b":{"0":[0,2]},"_coverageSchema":"1a1c01bbd47fc00a2c39e90264f33305004495a9","hash":"9b08f2e4d7462065c6aa9b8c6cf361bcc6da3924"}
,"C:\\Users\\vikna\\Desktop\\lordran-archives\\server\\src\\app.js": {"path":"C:\\Users\\vikna\\Desktop\\lordran-archives\\server\\src\\app.js","statementMap":{"0":{"start":{"line":1,"column":16},"end":{"line":1,"column":34}},"1":{"start":{"line":2,"column":13},"end":{"line":2,"column":28}},"2":{"start":{"line":4,"column":19},"end":{"line":4,"column":49}},"3":{"start":{"line":5,"column":19},"end":{"line":5,"column":49}},"4":{"start":{"line":7,"column":12},"end":{"line":7,"column":21}},"5":{"start":{"line":9,"column":0},"end":{"line":9,"column":16}},"6":{"start":{"line":10,"column":0},"end":{"line":10,"column":24}},"7":{"start":{"line":11,"column":0},"end":{"line":11,"column":47}},"8":{"start":{"line":13,"column":0},"end":{"line":13,"column":33}},"9":{"start":{"line":14,"column":0},"end":{"line":14,"column":34}},"10":{"start":{"line":16,"column":0},"end":{"line":16,"column":21}},"11":{"start":{"line":18,"column":0},"end":{"line":20,"column":3}},"12":{"start":{"line":19,"column":2},"end":{"line":19,"column":47}}},"fnMap":{"0":{"name":"(anonymous_0)","decl":{"start":{"line":18,"column":13},"end":{"line":18,"column":14}},"loc":{"start":{"line":18,"column":27},"end":{"line":20,"column":1}},"line":18}},"branchMap":{},"s":{"0":2,"1":2,"2":2,"3":2,"4":2,"5":2,"6":2,"7":2,"8":2,"9":2,"10":2,"11":2,"12":0},"f":{"0":0},"b":{},"_coverageSchema":"1a1c01bbd47fc00a2c39e90264f33305004495a9","hash":"c7b1f7ff09291dd6b03b8ef1b85514adadbd8c65"}
,"C:\\Users\\vikna\\Desktop\\lordran-archives\\server\\src\\middleware\\auth.js": {"path":"C:\\Users\\vikna\\Desktop\\lordran-archives\\server\\src\\middleware\\auth.js","statementMap":{"0":{"start":{"line":1,"column":12},"end":{"line":1,"column":35}},"1":{"start":{"line":3,"column":0},"end":{"line":15,"column":2}},"2":{"start":{"line":4,"column":16},"end":{"line":4,"column":56}},"3":{"start":{"line":6,"column":2},"end":{"line":6,"column":67}},"4":{"start":{"line":6,"column":14},"end":{"line":6,"column":67}},"5":{"start":{"line":8,"column":2},"end":{"line":14,"column":3}},"6":{"start":{"line":9,"column":20},"end":{"line":9,"column":61}},"7":{"start":{"line":10,"column":4},"end":{"line":10,"column":23}},"8":{"start":{"line":11,"column":4},"end":{"line":11,"column":11}},"9":{"start":{"line":13,"column":4},"end":{"line":13,"column":55}}},"fnMap":{"0":{"name":"(anonymous_0)","decl":{"start":{"line":3,"column":17},"end":{"line":3,"column":18}},"loc":{"start":{"line":3,"column":42},"end":{"line":15,"column":1}},"line":3}},"branchMap":{"0":{"loc":{"start":{"line":6,"column":2},"end":{"line":6,"column":67}},"type":"if","locations":[{"start":{"line":6,"column":2},"end":{"line":6,"column":67}},{"start":{},"end":{}}],"line":6}},"s":{"0":2,"1":2,"2":6,"3":6,"4":1,"5":5,"6":5,"7":5,"8":5,"9":0},"f":{"0":6},"b":{"0":[1,5]},"_coverageSchema":"1a1c01bbd47fc00a2c39e90264f33305004495a9","hash":"99c3445e51008337cda3dbc88160195f125df870"}
,"C:\\Users\\vikna\\Desktop\\lordran-archives\\server\\src\\middleware\\role.js": {"path":"C:\\Users\\vikna\\Desktop\\lordran-archives\\server\\src\\middleware\\role.js","statementMap":{"0":{"start":{"line":1,"column":0},"end":{"line":8,"column":2}},"1":{"start":{"line":2,"column":2},"end":{"line":7,"column":4}},"2":{"start":{"line":3,"column":4},"end":{"line":5,"column":5}},"3":{"start":{"line":4,"column":6},"end":{"line":4,"column":60}},"4":{"start":{"line":6,"column":4},"end":{"line":6,"column":11}}},"fnMap":{"0":{"name":"(anonymous_0)","decl":{"start":{"line":1,"column":17},"end":{"line":1,"column":18}},"loc":{"start":{"line":1,"column":33},"end":{"line":8,"column":1}},"line":1},"1":{"name":"(anonymous_1)","decl":{"start":{"line":2,"column":9},"end":{"line":2,"column":10}},"loc":{"start":{"line":2,"column":29},"end":{"line":7,"column":3}},"line":2}},"branchMap":{"0":{"loc":{"start":{"line":3,"column":4},"end":{"line":5,"column":5}},"type":"if","locations":[{"start":{"line":3,"column":4},"end":{"line":5,"column":5}},{"start":{},"end":{}}],"line":3}},"s":{"0":2,"1":8,"2":4,"3":1,"4":3},"f":{"0":8,"1":4},"b":{"0":[1,3]},"_coverageSchema":"1a1c01bbd47fc00a2c39e90264f33305004495a9","hash":"207923e6cd132722a0396b85b26f885eb9135c87"}
,"C:\\Users\\vikna\\Desktop\\lordran-archives\\server\\src\\routes\\authRoutes.js": {"path":"C:\\Users\\vikna\\Desktop\\lordran-archives\\server\\src\\routes\\authRoutes.js","statementMap":{"0":{"start":{"line":1,"column":15},"end":{"line":1,"column":42}},"1":{"start":{"line":2,"column":15},"end":{"line":2,"column":34}},"2":{"start":{"line":3,"column":12},"end":{"line":3,"column":35}},"3":{"start":{"line":4,"column":11},"end":{"line":4,"column":36}},"4":{"start":{"line":6,"column":0},"end":{"line":20,"column":3}},"5":{"start":{"line":7,"column":2},"end":{"line":19,"column":3}},"6":{"start":{"line":8,"column":19},"end":{"line":8,"column":59}},"7":{"start":{"line":9,"column":4},"end":{"line":16,"column":6}},"8":{"start":{"line":13,"column":8},"end":{"line":13,"column":81}},"9":{"start":{"line":13,"column":17},"end":{"line":13,"column":81}},"10":{"start":{"line":14,"column":8},"end":{"line":14,"column":46}},"11":{"start":{"line":18,"column":4},"end":{"line":18,"column":61}},"12":{"start":{"line":22,"column":0},"end":{"line":42,"column":3}},"13":{"start":{"line":23,"column":2},"end":{"line":41,"column":4}},"14":{"start":{"line":27,"column":6},"end":{"line":28,"column":72}},"15":{"start":{"line":28,"column":8},"end":{"line":28,"column":72}},"16":{"start":{"line":30,"column":20},"end":{"line":30,"column":74}},"17":{"start":{"line":31,"column":6},"end":{"line":32,"column":72}},"18":{"start":{"line":32,"column":8},"end":{"line":32,"column":72}},"19":{"start":{"line":34,"column":20},"end":{"line":37,"column":7}},"20":{"start":{"line":39,"column":6},"end":{"line":39,"column":43}},"21":{"start":{"line":44,"column":0},"end":{"line":44,"column":24}}},"fnMap":{"0":{"name":"(anonymous_0)","decl":{"start":{"line":6,"column":25},"end":{"line":6,"column":26}},"loc":{"start":{"line":6,"column":45},"end":{"line":20,"column":1}},"line":6},"1":{"name":"(anonymous_1)","decl":{"start":{"line":12,"column":6},"end":{"line":12,"column":7}},"loc":{"start":{"line":12,"column":21},"end":{"line":15,"column":7}},"line":12},"2":{"name":"(anonymous_2)","decl":{"start":{"line":22,"column":22},"end":{"line":22,"column":23}},"loc":{"start":{"line":22,"column":36},"end":{"line":42,"column":1}},"line":22},"3":{"name":"(anonymous_3)","decl":{"start":{"line":26,"column":4},"end":{"line":26,"column":5}},"loc":{"start":{"line":26,"column":25},"end":{"line":40,"column":5}},"line":26}},"branchMap":{"0":{"loc":{"start":{"line":13,"column":8},"end":{"line":13,"column":81}},"type":"if","locations":[{"start":{"line":13,"column":8},"end":{"line":13,"column":81}},{"start":{},"end":{}}],"line":13},"1":{"loc":{"start":{"line":27,"column":6},"end":{"line":28,"column":72}},"type":"if","locations":[{"start":{"line":27,"column":6},"end":{"line":28,"column":72}},{"start":{},"end":{}}],"line":27},"2":{"loc":{"start":{"line":27,"column":10},"end":{"line":27,"column":22}},"type":"binary-expr","locations":[{"start":{"line":27,"column":10},"end":{"line":27,"column":13}},{"start":{"line":27,"column":17},"end":{"line":27,"column":22}}],"line":27},"3":{"loc":{"start":{"line":31,"column":6},"end":{"line":32,"column":72}},"type":"if","locations":[{"start":{"line":31,"column":6},"end":{"line":32,"column":72}},{"start":{},"end":{}}],"line":31}},"s":{"0":2,"1":2,"2":2,"3":2,"4":2,"5":4,"6":4,"7":4,"8":4,"9":2,"10":2,"11":0,"12":2,"13":5,"14":5,"15":1,"16":4,"17":4,"18":1,"19":3,"20":3,"21":2},"f":{"0":4,"1":4,"2":5,"3":5},"b":{"0":[2,2],"1":[1,4],"2":[5,5],"3":[1,3]},"_coverageSchema":"1a1c01bbd47fc00a2c39e90264f33305004495a9","hash":"add865b409c31ea7217b8c215e865458a1794682"}
,"C:\\Users\\vikna\\Desktop\\lordran-archives\\server\\src\\routes\\itemRoutes.js": {"path":"C:\\Users\\vikna\\Desktop\\lordran-archives\\server\\src\\routes\\itemRoutes.js","statementMap":{"0":{"start":{"line":1,"column":15},"end":{"line":1,"column":42}},"1":{"start":{"line":2,"column":13},"end":{"line":2,"column":42}},"2":{"start":{"line":3,"column":13},"end":{"line":3,"column":42}},"3":{"start":{"line":4,"column":11},"end":{"line":4,"column":36}},"4":{"start":{"line":7,"column":0},"end":{"line":16,"column":3}},"5":{"start":{"line":8,"column":2},"end":{"line":15,"column":4}},"6":{"start":{"line":12,"column":6},"end":{"line":12,"column":69}},"7":{"start":{"line":12,"column":15},"end":{"line":12,"column":69}},"8":{"start":{"line":13,"column":6},"end":{"line":13,"column":36}},"9":{"start":{"line":19,"column":0},"end":{"line":24,"column":3}},"10":{"start":{"line":20,"column":2},"end":{"line":23,"column":5}},"11":{"start":{"line":21,"column":4},"end":{"line":21,"column":67}},"12":{"start":{"line":21,"column":13},"end":{"line":21,"column":67}},"13":{"start":{"line":22,"column":4},"end":{"line":22,"column":19}},"14":{"start":{"line":27,"column":0},"end":{"line":36,"column":3}},"15":{"start":{"line":28,"column":2},"end":{"line":35,"column":4}},"16":{"start":{"line":32,"column":6},"end":{"line":32,"column":69}},"17":{"start":{"line":32,"column":15},"end":{"line":32,"column":69}},"18":{"start":{"line":33,"column":6},"end":{"line":33,"column":21}},"19":{"start":{"line":39,"column":0},"end":{"line":44,"column":3}},"20":{"start":{"line":40,"column":2},"end":{"line":43,"column":5}},"21":{"start":{"line":41,"column":4},"end":{"line":41,"column":67}},"22":{"start":{"line":41,"column":13},"end":{"line":41,"column":67}},"23":{"start":{"line":42,"column":4},"end":{"line":42,"column":19}},"24":{"start":{"line":47,"column":0},"end":{"line":52,"column":3}},"25":{"start":{"line":48,"column":2},"end":{"line":51,"column":5}},"26":{"start":{"line":49,"column":4},"end":{"line":49,"column":67}},"27":{"start":{"line":49,"column":13},"end":{"line":49,"column":67}},"28":{"start":{"line":50,"column":4},"end":{"line":50,"column":38}},"29":{"start":{"line":55,"column":0},"end":{"line":60,"column":3}},"30":{"start":{"line":56,"column":2},"end":{"line":59,"column":5}},"31":{"start":{"line":57,"column":4},"end":{"line":57,"column":67}},"32":{"start":{"line":57,"column":13},"end":{"line":57,"column":67}},"33":{"start":{"line":58,"column":4},"end":{"line":58,"column":38}},"34":{"start":{"line":63,"column":0},"end":{"line":68,"column":3}},"35":{"start":{"line":64,"column":2},"end":{"line":67,"column":5}},"36":{"start":{"line":65,"column":4},"end":{"line":65,"column":67}},"37":{"start":{"line":65,"column":13},"end":{"line":65,"column":67}},"38":{"start":{"line":66,"column":4},"end":{"line":66,"column":37}},"39":{"start":{"line":70,"column":0},"end":{"line":70,"column":24}}},"fnMap":{"0":{"name":"(anonymous_0)","decl":{"start":{"line":7,"column":23},"end":{"line":7,"column":24}},"loc":{"start":{"line":7,"column":37},"end":{"line":16,"column":1}},"line":7},"1":{"name":"(anonymous_1)","decl":{"start":{"line":11,"column":4},"end":{"line":11,"column":5}},"loc":{"start":{"line":11,"column":19},"end":{"line":14,"column":5}},"line":11},"2":{"name":"(anonymous_2)","decl":{"start":{"line":19,"column":16},"end":{"line":19,"column":17}},"loc":{"start":{"line":19,"column":30},"end":{"line":24,"column":1}},"line":19},"3":{"name":"(anonymous_3)","decl":{"start":{"line":20,"column":72},"end":{"line":20,"column":73}},"loc":{"start":{"line":20,"column":87},"end":{"line":23,"column":3}},"line":20},"4":{"name":"(anonymous_4)","decl":{"start":{"line":27,"column":29},"end":{"line":27,"column":30}},"loc":{"start":{"line":27,"column":43},"end":{"line":36,"column":1}},"line":27},"5":{"name":"(anonymous_5)","decl":{"start":{"line":31,"column":4},"end":{"line":31,"column":5}},"loc":{"start":{"line":31,"column":19},"end":{"line":34,"column":5}},"line":31},"6":{"name":"(anonymous_6)","decl":{"start":{"line":39,"column":58},"end":{"line":39,"column":59}},"loc":{"start":{"line":39,"column":72},"end":{"line":44,"column":1}},"line":39},"7":{"name":"(anonymous_7)","decl":{"start":{"line":40,"column":55},"end":{"line":40,"column":56}},"loc":{"start":{"line":40,"column":70},"end":{"line":43,"column":3}},"line":40},"8":{"name":"(anonymous_8)","decl":{"start":{"line":47,"column":62},"end":{"line":47,"column":63}},"loc":{"start":{"line":47,"column":76},"end":{"line":52,"column":1}},"line":47},"9":{"name":"(anonymous_9)","decl":{"start":{"line":48,"column":72},"end":{"line":48,"column":73}},"loc":{"start":{"line":48,"column":87},"end":{"line":51,"column":3}},"line":48},"10":{"name":"(anonymous_10)","decl":{"start":{"line":55,"column":49},"end":{"line":55,"column":50}},"loc":{"start":{"line":55,"column":63},"end":{"line":60,"column":1}},"line":55},"11":{"name":"(anonymous_11)","decl":{"start":{"line":56,"column":72},"end":{"line":56,"column":73}},"loc":{"start":{"line":56,"column":87},"end":{"line":59,"column":3}},"line":56},"12":{"name":"(anonymous_12)","decl":{"start":{"line":63,"column":57},"end":{"line":63,"column":58}},"loc":{"start":{"line":63,"column":71},"end":{"line":68,"column":1}},"line":63},"13":{"name":"(anonymous_13)","decl":{"start":{"line":64,"column":60},"end":{"line":64,"column":61}},"loc":{"start":{"line":64,"column":75},"end":{"line":67,"column":3}},"line":64}},"branchMap":{"0":{"loc":{"start":{"line":10,"column":61},"end":{"line":10,"column":83}},"type":"binary-expr","locations":[{"start":{"line":10,"column":61},"end":{"line":10,"column":75}},{"start":{"line":10,"column":79},"end":{"line":10,"column":83}}],"line":10},"1":{"loc":{"start":{"line":12,"column":6},"end":{"line":12,"column":69}},"type":"if","locations":[{"start":{"line":12,"column":6},"end":{"line":12,"column":69}},{"start":{},"end":{}}],"line":12},"2":{"loc":{"start":{"line":21,"column":4},"end":{"line":21,"column":67}},"type":"if","locations":[{"start":{"line":21,"column":4},"end":{"line":21,"column":67}},{"start":{},"end":{}}],"line":21},"3":{"loc":{"start":{"line":32,"column":6},"end":{"line":32,"column":69}},"type":"if","locations":[{"start":{"line":32,"column":6},"end":{"line":32,"column":69}},{"start":{},"end":{}}],"line":32},"4":{"loc":{"start":{"line":41,"column":4},"end":{"line":41,"column":67}},"type":"if","locations":[{"start":{"line":41,"column":4},"end":{"line":41,"column":67}},{"start":{},"end":{}}],"line":41},"5":{"loc":{"start":{"line":49,"column":4},"end":{"line":49,"column":67}},"type":"if","locations":[{"start":{"line":49,"column":4},"end":{"line":49,"column":67}},{"start":{},"end":{}}],"line":49},"6":{"loc":{"start":{"line":57,"column":4},"end":{"line":57,"column":67}},"type":"if","locations":[{"start":{"line":57,"column":4},"end":{"line":57,"column":67}},{"start":{},"end":{}}],"line":57},"7":{"loc":{"start":{"line":65,"column":4},"end":{"line":65,"column":67}},"type":"if","locations":[{"start":{"line":65,"column":4},"end":{"line":65,"column":67}},{"start":{},"end":{}}],"line":65}},"s":{"0":2,"1":2,"2":2,"3":2,"4":2,"5":1,"6":1,"7":0,"8":1,"9":2,"10":1,"11":1,"12":0,"13":1,"14":2,"15":1,"16":1,"17":0,"18":1,"19":2,"20":1,"21":1,"22":0,"23":1,"24":2,"25":1,"26":1,"27":0,"28":1,"29":2,"30":0,"31":0,"32":0,"33":0,"34":2,"35":1,"36":1,"37":0,"38":1,"39":2},"f":{"0":1,"1":1,"2":1,"3":1,"4":1,"5":1,"6":1,"7":1,"8":1,"9":1,"10":0,"11":0,"12":1,"13":1},"b":{"0":[1,1],"1":[0,1],"2":[0,1],"3":[0,1],"4":[0,1],"5":[0,1],"6":[0,0],"7":[0,1]},"_coverageSchema":"1a1c01bbd47fc00a2c39e90264f33305004495a9","hash":"ba443f6899638f03f295a3a3c9bb0b544394cd4f"}
}
