TN:
SF:database.js
FN:6,(anonymous_0)
FNF:1
FNH:1
FNDA:2,(anonymous_0)
DA:1,2
DA:2,2
DA:4,2
DA:6,2
DA:7,2
DA:8,0
DA:10,2
DA:14,2
LF:8
LH:7
BRDA:7,0,0,0
BRDA:7,0,1,2
BRF:2
BRH:1
end_of_record
TN:
SF:src\app.js
FN:18,(anonymous_0)
FNF:1
FNH:0
FNDA:0,(anonymous_0)
DA:1,2
DA:2,2
DA:4,2
DA:5,2
DA:7,2
DA:9,2
DA:10,2
DA:11,2
DA:13,2
DA:14,2
DA:16,2
DA:18,2
DA:19,0
LF:13
LH:12
BRF:0
BRH:0
end_of_record
TN:
SF:src\middleware\auth.js
FN:3,(anonymous_0)
FNF:1
FNH:1
FNDA:6,(anonymous_0)
DA:1,2
DA:3,2
DA:4,6
DA:6,6
DA:8,5
DA:9,5
DA:10,5
DA:11,5
DA:13,0
LF:9
LH:8
BRDA:6,0,0,1
BRDA:6,0,1,5
BRF:2
BRH:2
end_of_record
TN:
SF:src\middleware\role.js
FN:1,(anonymous_0)
FN:2,(anonymous_1)
FNF:2
FNH:2
FNDA:8,(anonymous_0)
FNDA:4,(anonymous_1)
DA:1,2
DA:2,8
DA:3,4
DA:4,1
DA:6,3
LF:5
LH:5
BRDA:3,0,0,1
BRDA:3,0,1,3
BRF:2
BRH:2
end_of_record
TN:
SF:src\routes\authRoutes.js
FN:6,(anonymous_0)
FN:12,(anonymous_1)
FN:22,(anonymous_2)
FN:26,(anonymous_3)
FNF:4
FNH:4
FNDA:4,(anonymous_0)
FNDA:4,(anonymous_1)
FNDA:5,(anonymous_2)
FNDA:5,(anonymous_3)
DA:1,2
DA:2,2
DA:3,2
DA:4,2
DA:6,2
DA:7,4
DA:8,4
DA:9,4
DA:13,4
DA:14,2
DA:18,0
DA:22,2
DA:23,5
DA:27,5
DA:28,1
DA:30,4
DA:31,4
DA:32,1
DA:34,3
DA:39,3
DA:44,2
LF:21
LH:20
BRDA:13,0,0,2
BRDA:13,0,1,2
BRDA:27,1,0,1
BRDA:27,1,1,4
BRDA:27,2,0,5
BRDA:27,2,1,5
BRDA:31,3,0,1
BRDA:31,3,1,3
BRF:8
BRH:8
end_of_record
TN:
SF:src\routes\itemRoutes.js
FN:7,(anonymous_0)
FN:11,(anonymous_1)
FN:19,(anonymous_2)
FN:20,(anonymous_3)
FN:27,(anonymous_4)
FN:31,(anonymous_5)
FN:39,(anonymous_6)
FN:40,(anonymous_7)
FN:47,(anonymous_8)
FN:48,(anonymous_9)
FN:55,(anonymous_10)
FN:56,(anonymous_11)
FN:63,(anonymous_12)
FN:64,(anonymous_13)
FNF:14
FNH:12
FNDA:1,(anonymous_0)
FNDA:1,(anonymous_1)
FNDA:1,(anonymous_2)
FNDA:1,(anonymous_3)
FNDA:1,(anonymous_4)
FNDA:1,(anonymous_5)
FNDA:1,(anonymous_6)
FNDA:1,(anonymous_7)
FNDA:1,(anonymous_8)
FNDA:1,(anonymous_9)
FNDA:0,(anonymous_10)
FNDA:0,(anonymous_11)
FNDA:1,(anonymous_12)
FNDA:1,(anonymous_13)
DA:1,2
DA:2,2
DA:3,2
DA:4,2
DA:7,2
DA:8,1
DA:12,1
DA:13,1
DA:19,2
DA:20,1
DA:21,1
DA:22,1
DA:27,2
DA:28,1
DA:32,1
DA:33,1
DA:39,2
DA:40,1
DA:41,1
DA:42,1
DA:47,2
DA:48,1
DA:49,1
DA:50,1
DA:55,2
DA:56,0
DA:57,0
DA:58,0
DA:63,2
DA:64,1
DA:65,1
DA:66,1
DA:70,2
LF:33
LH:30
BRDA:10,0,0,1
BRDA:10,0,1,1
BRDA:12,1,0,0
BRDA:12,1,1,1
BRDA:21,2,0,0
BRDA:21,2,1,1
BRDA:32,3,0,0
BRDA:32,3,1,1
BRDA:41,4,0,0
BRDA:41,4,1,1
BRDA:49,5,0,0
BRDA:49,5,1,1
BRDA:57,6,0,0
BRDA:57,6,1,0
BRDA:65,7,0,0
BRDA:65,7,1,1
BRF:16
BRH:8
end_of_record
